11:00:22.984 [FXGL Launcher Thread     ] DEBUG FXGL                 - FXGL logger initialized
11:00:22.990 [FXGL Launcher Thread     ] DEBUG FXGL                 - Service <<AudioPlayer>> initialized
11:00:22.992 [FXGL Launcher Thread     ] DEBUG FXGLAssetLoader      - Asset cacheSize=35
11:00:22.997 [FXGL Launcher Thread     ] DEBUG FXGL                 - Service <<AssetLoader>> initialized
11:00:22.999 [FXGL Launcher Thread     ] DEBUG FXGL                 - Service <<EventBus>> initialized
11:00:23.004 [FXGL Launcher Thread     ] DEBUG FXGLAssetLoader      - Loading from disk: /assets/ui/cursors/fxgl_default.png
11:00:23.036 [FXGL Launcher Thread     ] DEBUG FXGLAssetLoader      - Loading from disk: /assets/sounds/core/notification.wav
11:00:23.066 [FXGL Launcher Thread     ] DEBUG FXGLAssetLoader      - Loading from disk: /assets/sounds/menu/select.wav
11:00:23.068 [FXGL Launcher Thread     ] DEBUG FXGLAssetLoader      - Loading from disk: /assets/sounds/menu/back.wav
11:00:23.070 [FXGL Launcher Thread     ] DEBUG FXGLAssetLoader      - Loading from disk: /assets/sounds/menu/press.wav
11:00:23.073 [FXGL Launcher Thread     ] DEBUG FXGLAssetLoader      - Loading from disk: /assets/ui/fonts/Copperplate_Gothic_Light_Regular.ttf
11:00:23.242 [FXGL Launcher Thread     ] DEBUG FXGLAssetLoader      - Loading from disk: /assets/ui/fonts/lucida_console.ttf
11:00:23.256 [FXGL Launcher Thread     ] DEBUG FXGLAssetLoader      - Loading from disk: /assets/ui/css/fxgl_dark.css
11:00:23.256 [FXGL Launcher Thread     ] DEBUG FXGLAssetLoader      - Loading from disk: /assets/ui/icons/fxgl_icon.png
11:00:23.284 [FXGL Launcher Thread     ] DEBUG FXGLDisplay          - Using CSS: CSS(externalForm=jar:file:/C:/Users/Agnieszka/.m2/repository/com/github/almasb/fxgl/0.3.5/fxgl-0.3.5.jar!/assets/ui/css/fxgl_dark.css)
11:00:23.287 [FXGL Launcher Thread     ] DEBUG FXGL                 - Service <<Display>> initialized
11:00:23.290 [FXGL Launcher Thread     ] DEBUG FXGL                 - Service <<Executor>> initialized
11:00:23.304 [FXGL Launcher Thread     ] DEBUG FXGL                 - Service <<NotificationService>> initialized
11:00:23.306 [FXGL Launcher Thread     ] DEBUG FXGL                 - Service <<Net>> initialized
11:00:23.342 [FXGL Launcher Thread     ] DEBUG FXGL                 - Service <<Gameplay>> initialized
11:00:23.349 [FXGL Launcher Thread     ] DEBUG FXGLPooler           - Default pool size for objects = 128
11:00:23.350 [FXGL Launcher Thread     ] DEBUG FXGL                 - Service <<Pooler>> initialized
11:00:23.351 [FXGL Launcher Thread     ] DEBUG FXGL                 - Service <<ExceptionHandler>> initialized
11:00:23.351 [FXGL Launcher Thread     ] DEBUG FXGL                 - Service <<UIFactory>> initialized
11:00:23.351 [FXGL Launcher Thread     ] DEBUG FXGL                 - Service <<DialogFactory>> initialized
11:00:23.351 [FXGL Launcher Thread     ] DEBUG FXGL                 - Service <<SceneFactory>> initialized
11:00:23.351 [FXGL Launcher Thread     ] DEBUG FXGL                 - Loading FXGL system data
11:00:23.356 [FXGL Launcher Thread     ] DEBUG IOTask               - Executing task: readDataTask(system/fxgl.bundle)
11:00:23.379 [FXGL Launcher Thread     ] DEBUG FS                   - Reading from: system\fxgl.bundle
11:00:23.394 [FXGL Launcher Thread     ] DEBUG IOTask               - Task succeeded: readDataTask(system/fxgl.bundle)
11:00:23.394 [FXGL Launcher Thread     ] DEBUG Bundle               - Logging bundle: FXGL
11:00:23.395 [FXGL Launcher Thread     ] DEBUG Bundle               - FXGL.offline.timer.version.check=2017-07-30T17:25:10.412
11:00:23.395 [FXGL Launcher Thread     ] DEBUG GameApplication      - FXGL configuration complete
11:00:23.396 [FXGL Launcher Thread     ] INFO  GameApplication      - FXGL configuration took:  1,308 sec
11:00:23.397 [FXGL Launcher Thread     ] DEBUG GameApplication      - Logging game settings
Title: Deszcz meteorytów
Version: 0.1
Width: 600
Height: 600
Fullscreen: false
Intro: false
Menus: false
Profiling: false
App Mode: DEVELOPER
Menu Style: FXGL_DEFAULT
Menu Key: ESCAPE
Services: []
11:00:23.420 [FXGL Launcher Thread     ] DEBUG GameApplication      - Configuring GameApplication
11:00:23.421 [FXGL Launcher Thread     ] DEBUG AppStateMachine      - Initializing application states
11:00:23.424 [FXGL Launcher Thread     ] DEBUG FXGLAssetLoader      - Loading from disk: /assets/ui/cursors/fxgl_default.png
11:00:23.430 [FXGL Launcher Thread     ] DEBUG FXGLAssetLoader      - Loading from disk: /assets/ui/cursors/fxgl_default.png
11:00:23.476 [FXGL Launcher Thread     ] DEBUG GameWorld            - Game world initialized
11:00:23.527 [FXGL Launcher Thread     ] DEBUG PhysicsWorld         - Physics world initialized: appHeight=600, physics.ppm=50,0
11:00:23.539 [FXGL Launcher Thread     ] DEBUG FXGLAssetLoader      - Loading from disk: /assets/ui/cursors/fxgl_default.png
11:00:23.562 [FXGL Launcher Thread     ] DEBUG GameScene            - Game scene initialized: 600x600
11:00:23.594 [FXGL Launcher Thread     ] DEBUG Input                - Registered new binding: Pause - Esc
11:00:23.607 [FXGL Launcher Thread     ] INFO  GameApplication      - Game configuration took:  0,187 sec
11:00:23.611 [JavaFX Application Thread] DEBUG FXGLDisplay          - Target size: DoubleProperty [value: 600.0] x DoubleProperty [value: 600.0] @ 1.0
11:00:23.612 [JavaFX Application Thread] DEBUG FXGLDisplay          - New size:    600.0 x 600.0 @ DoubleProperty [value: 1.0]
11:00:23.612 [JavaFX Application Thread] DEBUG FXGLDisplay          - Opening primary stage
11:00:23.630 [JavaFX Application Thread] DEBUG FXGLDisplay          - Stage shown
11:00:23.630 [JavaFX Application Thread] DEBUG FXGLDisplay          - Root size: 600.0x600.0
11:00:23.630 [JavaFX Application Thread] DEBUG FXGLDisplay          - Scene size: 600.0x600.0
11:00:23.630 [JavaFX Application Thread] DEBUG FXGLDisplay          - Stage size: 616.0x639.0
11:00:23.665 [JavaFX Application Thread] DEBUG GameApplication      - Running preInit()
11:00:23.667 [JavaFX Application Thread] DEBUG Input                - Registered new binding: Screenshot - P
11:00:23.668 [JavaFX Application Thread] DEBUG Input                - Registered new binding: Dev Options - CTRL+0
11:00:23.668 [JavaFX Application Thread] DEBUG Input                - Registered new binding: Move Left - A
11:00:23.668 [JavaFX Application Thread] DEBUG Input                - Registered new binding: Move Right - D
11:00:23.737 [JavaFX Application Thread] DEBUG GameApplication      - Starting main loop
11:00:23.739 [JavaFX Application Thread] DEBUG StartupState         - STARTUP
11:00:23.739 [JavaFX Application Thread] DEBUG GameApplication      - Starting new game
11:00:23.739 [JavaFX Application Thread] DEBUG Input                - Clearing active input actions
11:00:23.739 [JavaFX Application Thread] DEBUG AppStateMachine      - StartupState -> LoadingState
11:00:23.932 [JavaFX Application Thread] DEBUG InitAppTask          - @SetEntityFactory: [AsteroidFactory]
11:00:23.932 [JavaFX Application Thread] DEBUG InitAppTask          - @AddCollisionHandler: []
11:00:23.939 [FXGL Background Thread 1 ] DEBUG InitAppTask          - Clearing previous game
11:00:23.939 [FXGL Background Thread 1 ] DEBUG GameWorld            - Resetting game world
11:00:23.940 [FXGL Background Thread 1 ] DEBUG PhysicsWorld         - Resetting physics world
11:00:23.940 [FXGL Background Thread 1 ] DEBUG GameScene            - Resetting game scene
11:00:23.941 [FXGL Background Thread 1 ] DEBUG InitAppTask          - Initializing Assets
11:00:23.941 [FXGL Background Thread 1 ] DEBUG InitAppTask          - Initializing Game
11:00:37.059 [FXGL Background Thread 1 ] DEBUG GameScene            - Creating render group for layer: TOP(2147483647)
11:00:37.184 [FXGL Background Thread 1 ] DEBUG InitAppTask          - Initializing Physics
11:00:37.186 [FXGL Background Thread 1 ] DEBUG InitAppTask          - Initializing UI
11:00:37.187 [FXGL Background Thread 1 ] DEBUG InitAppTask          - Initialization Complete
11:00:37.188 [FXGL Background Thread 1 ] INFO  InitAppTask          - Game initialization took: 13,247 sec
11:00:37.191 [JavaFX Application Thread] DEBUG Input                - Clearing active input actions
11:00:37.192 [JavaFX Application Thread] DEBUG AppStateMachine      - LoadingState -> PlayState
11:00:50.457 [JavaFX Application Thread] DEBUG FXGLEventBus         - Firing event: DisplayEvent[type=CLOSE_REQUEST]
11:00:50.457 [JavaFX Application Thread] DEBUG GameApplication      - Exiting FXGL application
11:00:50.460 [JavaFX Application Thread] DEBUG FXGL                 - Saving FXGL system data
11:00:50.465 [JavaFX Application Thread] DEBUG IOTask               - Executing task: writeDataTask(system/fxgl.bundle)
11:00:50.471 [JavaFX Application Thread] DEBUG FS                   - Writing to: system\fxgl.bundle
11:00:50.484 [JavaFX Application Thread] DEBUG IOTask               - Task succeeded: writeDataTask(system/fxgl.bundle)
11:00:50.484 [JavaFX Application Thread] DEBUG GameApplication      - Closing FXGL logger and exiting JavaFX
