10:59:36.968 [FXGL Launcher Thread     ] DEBUG FXGL                 - FXGL logger initialized
10:59:36.972 [FXGL Launcher Thread     ] DEBUG FXGL                 - Service <<AudioPlayer>> initialized
10:59:36.974 [FXGL Launcher Thread     ] DEBUG FXGLAssetLoader      - Asset cacheSize=35
10:59:36.976 [FXGL Launcher Thread     ] DEBUG FXGL                 - Service <<AssetLoader>> initialized
10:59:36.977 [FXGL Launcher Thread     ] DEBUG FXGL                 - Service <<EventBus>> initialized
10:59:36.981 [FXGL Launcher Thread     ] DEBUG FXGLAssetLoader      - Loading from disk: /assets/ui/cursors/fxgl_default.png
10:59:37.031 [FXGL Launcher Thread     ] DEBUG FXGLAssetLoader      - Loading from disk: /assets/sounds/core/notification.wav
10:59:37.063 [FXGL Launcher Thread     ] DEBUG FXGLAssetLoader      - Loading from disk: /assets/sounds/menu/select.wav
10:59:37.065 [FXGL Launcher Thread     ] DEBUG FXGLAssetLoader      - Loading from disk: /assets/sounds/menu/back.wav
10:59:37.067 [FXGL Launcher Thread     ] DEBUG FXGLAssetLoader      - Loading from disk: /assets/sounds/menu/press.wav
10:59:37.069 [FXGL Launcher Thread     ] DEBUG FXGLAssetLoader      - Loading from disk: /assets/ui/fonts/Copperplate_Gothic_Light_Regular.ttf
10:59:37.168 [FXGL Launcher Thread     ] DEBUG FXGLAssetLoader      - Loading from disk: /assets/ui/fonts/lucida_console.ttf
10:59:37.181 [FXGL Launcher Thread     ] DEBUG FXGLAssetLoader      - Loading from disk: /assets/ui/css/fxgl_dark.css
10:59:37.182 [FXGL Launcher Thread     ] DEBUG FXGLAssetLoader      - Loading from disk: /assets/ui/icons/fxgl_icon.png
10:59:37.209 [FXGL Launcher Thread     ] DEBUG FXGLDisplay          - Using CSS: CSS(externalForm=jar:file:/C:/Users/Agnieszka/.m2/repository/com/github/almasb/fxgl/0.3.5/fxgl-0.3.5.jar!/assets/ui/css/fxgl_dark.css)
10:59:37.211 [FXGL Launcher Thread     ] DEBUG FXGL                 - Service <<Display>> initialized
10:59:37.214 [FXGL Launcher Thread     ] DEBUG FXGL                 - Service <<Executor>> initialized
10:59:37.223 [FXGL Launcher Thread     ] DEBUG FXGL                 - Service <<NotificationService>> initialized
10:59:37.226 [FXGL Launcher Thread     ] DEBUG FXGL                 - Service <<Net>> initialized
10:59:37.260 [FXGL Launcher Thread     ] DEBUG FXGL                 - Service <<Gameplay>> initialized
10:59:37.266 [FXGL Launcher Thread     ] DEBUG FXGLPooler           - Default pool size for objects = 128
10:59:37.267 [FXGL Launcher Thread     ] DEBUG FXGL                 - Service <<Pooler>> initialized
10:59:37.268 [FXGL Launcher Thread     ] DEBUG FXGL                 - Service <<ExceptionHandler>> initialized
10:59:37.268 [FXGL Launcher Thread     ] DEBUG FXGL                 - Service <<UIFactory>> initialized
10:59:37.268 [FXGL Launcher Thread     ] DEBUG FXGL                 - Service <<DialogFactory>> initialized
10:59:37.268 [FXGL Launcher Thread     ] DEBUG FXGL                 - Service <<SceneFactory>> initialized
10:59:37.268 [FXGL Launcher Thread     ] DEBUG FXGL                 - Loading FXGL system data
10:59:37.272 [FXGL Launcher Thread     ] DEBUG IOTask               - Executing task: readDataTask(system/fxgl.bundle)
10:59:37.276 [FXGL Launcher Thread     ] DEBUG FS                   - Reading from: system\fxgl.bundle
10:59:37.320 [FXGL Launcher Thread     ] DEBUG IOTask               - Task succeeded: readDataTask(system/fxgl.bundle)
10:59:37.321 [FXGL Launcher Thread     ] DEBUG Bundle               - Logging bundle: FXGL
10:59:37.321 [FXGL Launcher Thread     ] DEBUG Bundle               - FXGL.offline.timer.version.check=2017-07-30T17:25:10.412
10:59:37.321 [FXGL Launcher Thread     ] DEBUG GameApplication      - FXGL configuration complete
10:59:37.322 [FXGL Launcher Thread     ] INFO  GameApplication      - FXGL configuration took:  1,133 sec
10:59:37.323 [FXGL Launcher Thread     ] DEBUG GameApplication      - Logging game settings
Title: Deszcz meteorytów
Version: 0.1
Width: 600
Height: 600
Fullscreen: false
Intro: false
Menus: false
Profiling: false
App Mode: DEVELOPER
Menu Style: FXGL_DEFAULT
Menu Key: ESCAPE
Services: []
10:59:37.337 [FXGL Launcher Thread     ] DEBUG GameApplication      - Configuring GameApplication
10:59:37.337 [FXGL Launcher Thread     ] DEBUG AppStateMachine      - Initializing application states
10:59:37.341 [FXGL Launcher Thread     ] DEBUG FXGLAssetLoader      - Loading from disk: /assets/ui/cursors/fxgl_default.png
10:59:37.347 [FXGL Launcher Thread     ] DEBUG FXGLAssetLoader      - Loading from disk: /assets/ui/cursors/fxgl_default.png
10:59:37.395 [FXGL Launcher Thread     ] DEBUG GameWorld            - Game world initialized
10:59:37.446 [FXGL Launcher Thread     ] DEBUG PhysicsWorld         - Physics world initialized: appHeight=600, physics.ppm=50,0
10:59:37.455 [FXGL Launcher Thread     ] DEBUG FXGLAssetLoader      - Loading from disk: /assets/ui/cursors/fxgl_default.png
10:59:37.479 [FXGL Launcher Thread     ] DEBUG GameScene            - Game scene initialized: 600x600
10:59:37.515 [FXGL Launcher Thread     ] DEBUG Input                - Registered new binding: Pause - Esc
10:59:37.533 [FXGL Launcher Thread     ] INFO  GameApplication      - Game configuration took:  0,196 sec
10:59:37.546 [JavaFX Application Thread] DEBUG FXGLDisplay          - Target size: DoubleProperty [value: 600.0] x DoubleProperty [value: 600.0] @ 1.0
10:59:37.546 [JavaFX Application Thread] DEBUG FXGLDisplay          - New size:    600.0 x 600.0 @ DoubleProperty [value: 1.0]
10:59:37.547 [JavaFX Application Thread] DEBUG FXGLDisplay          - Opening primary stage
10:59:37.566 [JavaFX Application Thread] DEBUG FXGLDisplay          - Stage shown
10:59:37.567 [JavaFX Application Thread] DEBUG FXGLDisplay          - Root size: 600.0x600.0
10:59:37.567 [JavaFX Application Thread] DEBUG FXGLDisplay          - Scene size: 600.0x600.0
10:59:37.567 [JavaFX Application Thread] DEBUG FXGLDisplay          - Stage size: 616.0x639.0
10:59:37.595 [JavaFX Application Thread] DEBUG GameApplication      - Running preInit()
10:59:37.598 [JavaFX Application Thread] DEBUG Input                - Registered new binding: Screenshot - P
10:59:37.598 [JavaFX Application Thread] DEBUG Input                - Registered new binding: Dev Options - CTRL+0
10:59:37.599 [JavaFX Application Thread] DEBUG Input                - Registered new binding: Move Left - A
10:59:37.599 [JavaFX Application Thread] DEBUG Input                - Registered new binding: Move Right - D
10:59:37.669 [JavaFX Application Thread] DEBUG GameApplication      - Starting main loop
10:59:37.671 [JavaFX Application Thread] DEBUG StartupState         - STARTUP
10:59:37.671 [JavaFX Application Thread] DEBUG GameApplication      - Starting new game
10:59:37.671 [JavaFX Application Thread] DEBUG Input                - Clearing active input actions
10:59:37.672 [JavaFX Application Thread] DEBUG AppStateMachine      - StartupState -> LoadingState
10:59:37.878 [JavaFX Application Thread] DEBUG InitAppTask          - @SetEntityFactory: [AsteroidFactory]
10:59:37.878 [JavaFX Application Thread] DEBUG InitAppTask          - @AddCollisionHandler: []
10:59:37.881 [FXGL Background Thread 1 ] DEBUG InitAppTask          - Clearing previous game
10:59:37.881 [FXGL Background Thread 1 ] DEBUG GameWorld            - Resetting game world
10:59:37.882 [FXGL Background Thread 1 ] DEBUG PhysicsWorld         - Resetting physics world
10:59:37.882 [FXGL Background Thread 1 ] DEBUG GameScene            - Resetting game scene
10:59:37.882 [FXGL Background Thread 1 ] DEBUG InitAppTask          - Initializing Assets
10:59:37.883 [FXGL Background Thread 1 ] DEBUG InitAppTask          - Initializing Game
10:59:51.973 [FXGL Background Thread 1 ] DEBUG GameScene            - Creating render group for layer: TOP(2147483647)
10:59:51.991 [FXGL Background Thread 1 ] DEBUG FXGLAssetLoader      - Loading from disk: /assets/textures/App-kspaceduel-spaceship-icon.jpg
10:59:51.992 [FXGL Background Thread 1 ] FATAL FXGLAssetLoader      - Loading failed for asset: App-kspaceduel-spaceship-icon.jpg. Cause: Asset "/assets/textures/App-kspaceduel-spaceship-icon.jpg" was not found!
10:59:51.996 [JavaFX Application Thread] FATAL FXGLExceptionHandler - Uncaught Exception:
10:59:51.998 [JavaFX Application Thread] FATAL FXGLExceptionHandler - 

Exception occurred: java.lang.reflect.UndeclaredThrowableException : null
E: com.sun.proxy.$Proxy29.spawn(Unknown Source)
E: com.almasb.fxgl.ecs.GameWorld.spawn(GameWorld.java:370)
E: com.almasb.fxgl.ecs.GameWorld.spawn(GameWorld.java:351)
E: pl.aga.game.AsteroidShowerApp.initGame(AsteroidShowerApp.java:79)
E: com.almasb.fxgl.app.LoadingState$InitAppTask.initGame(LoadingState.kt:126)
E: com.almasb.fxgl.app.LoadingState$InitAppTask.call(LoadingState.kt:90)
E: com.almasb.fxgl.app.LoadingState$InitAppTask.call(LoadingState.kt:57)
E: javafx.concurrent.Task$TaskCallable.call(Task.java:1423)
E: java.util.concurrent.FutureTask.run(FutureTask.java:266)
E: java.util.concurrent.Executors$RunnableAdapter.call(Executors.java:511)
E: java.util.concurrent.FutureTask.run(FutureTask.java:266)
E: java.util.concurrent.ThreadPoolExecutor.runWorker(ThreadPoolExecutor.java:1142)
E: java.util.concurrent.ThreadPoolExecutor$Worker.run(ThreadPoolExecutor.java:617)
E: java.lang.Thread.run(Thread.java:745)

10:59:52.000 [JavaFX Application Thread] FATAL FXGLExceptionHandler - Application will now exit
10:59:52.000 [JavaFX Application Thread] DEBUG GameApplication      - Stopping main loop
10:59:54.757 [JavaFX Application Thread] DEBUG GameApplication      - Exiting FXGL application
10:59:54.761 [JavaFX Application Thread] DEBUG FXGL                 - Saving FXGL system data
10:59:54.765 [JavaFX Application Thread] DEBUG IOTask               - Executing task: writeDataTask(system/fxgl.bundle)
10:59:54.770 [JavaFX Application Thread] DEBUG FS                   - Writing to: system\fxgl.bundle
10:59:54.783 [JavaFX Application Thread] DEBUG IOTask               - Task succeeded: writeDataTask(system/fxgl.bundle)
10:59:54.783 [JavaFX Application Thread] DEBUG GameApplication      - Closing FXGL logger and exiting JavaFX
