11:12:44.160 [FXGL Launcher Thread     ] DEBUG FXGL                 - FXGL logger initialized
11:12:44.164 [FXGL Launcher Thread     ] DEBUG FXGL                 - Service <<AudioPlayer>> initialized
11:12:44.167 [FXGL Launcher Thread     ] DEBUG FXGLAssetLoader      - Asset cacheSize=35
11:12:44.168 [FXGL Launcher Thread     ] DEBUG FXGL                 - Service <<AssetLoader>> initialized
11:12:44.169 [FXGL Launcher Thread     ] DEBUG FXGL                 - Service <<EventBus>> initialized
11:12:44.172 [FXGL Launcher Thread     ] DEBUG FXGLAssetLoader      - Loading from disk: /assets/ui/cursors/fxgl_default.png
11:12:44.198 [FXGL Launcher Thread     ] DEBUG FXGLAssetLoader      - Loading from disk: /assets/sounds/core/notification.wav
11:12:44.225 [FXGL Launcher Thread     ] DEBUG FXGLAssetLoader      - Loading from disk: /assets/sounds/menu/select.wav
11:12:44.227 [FXGL Launcher Thread     ] DEBUG FXGLAssetLoader      - Loading from disk: /assets/sounds/menu/back.wav
11:12:44.229 [FXGL Launcher Thread     ] DEBUG FXGLAssetLoader      - Loading from disk: /assets/sounds/menu/press.wav
11:12:44.233 [FXGL Launcher Thread     ] DEBUG FXGLAssetLoader      - Loading from disk: /assets/ui/fonts/Copperplate_Gothic_Light_Regular.ttf
11:12:44.330 [FXGL Launcher Thread     ] DEBUG FXGLAssetLoader      - Loading from disk: /assets/ui/fonts/lucida_console.ttf
11:12:44.343 [FXGL Launcher Thread     ] DEBUG FXGLAssetLoader      - Loading from disk: /assets/ui/css/fxgl_dark.css
11:12:44.344 [FXGL Launcher Thread     ] DEBUG FXGLAssetLoader      - Loading from disk: /assets/ui/icons/fxgl_icon.png
11:12:44.368 [FXGL Launcher Thread     ] DEBUG FXGLDisplay          - Using CSS: CSS(externalForm=jar:file:/C:/Users/Agnieszka/.m2/repository/com/github/almasb/fxgl/0.3.5/fxgl-0.3.5.jar!/assets/ui/css/fxgl_dark.css)
11:12:44.369 [FXGL Launcher Thread     ] DEBUG FXGL                 - Service <<Display>> initialized
11:12:44.372 [FXGL Launcher Thread     ] DEBUG FXGL                 - Service <<Executor>> initialized
11:12:44.382 [FXGL Launcher Thread     ] DEBUG FXGL                 - Service <<NotificationService>> initialized
11:12:44.383 [FXGL Launcher Thread     ] DEBUG FXGL                 - Service <<Net>> initialized
11:12:44.419 [FXGL Launcher Thread     ] DEBUG FXGL                 - Service <<Gameplay>> initialized
11:12:44.426 [FXGL Launcher Thread     ] DEBUG FXGLPooler           - Default pool size for objects = 128
11:12:44.426 [FXGL Launcher Thread     ] DEBUG FXGL                 - Service <<Pooler>> initialized
11:12:44.427 [FXGL Launcher Thread     ] DEBUG FXGL                 - Service <<ExceptionHandler>> initialized
11:12:44.427 [FXGL Launcher Thread     ] DEBUG FXGL                 - Service <<UIFactory>> initialized
11:12:44.428 [FXGL Launcher Thread     ] DEBUG FXGL                 - Service <<DialogFactory>> initialized
11:12:44.428 [FXGL Launcher Thread     ] DEBUG FXGL                 - Service <<SceneFactory>> initialized
11:12:44.429 [FXGL Launcher Thread     ] DEBUG FXGL                 - Loading FXGL system data
11:12:44.434 [FXGL Launcher Thread     ] DEBUG IOTask               - Executing task: readDataTask(system/fxgl.bundle)
11:12:44.438 [FXGL Launcher Thread     ] DEBUG FS                   - Reading from: system\fxgl.bundle
11:12:44.449 [FXGL Launcher Thread     ] DEBUG IOTask               - Task succeeded: readDataTask(system/fxgl.bundle)
11:12:44.450 [FXGL Launcher Thread     ] DEBUG Bundle               - Logging bundle: FXGL
11:12:44.450 [FXGL Launcher Thread     ] DEBUG Bundle               - FXGL.offline.timer.version.check=2017-07-30T17:25:10.412
11:12:44.450 [FXGL Launcher Thread     ] DEBUG GameApplication      - FXGL configuration complete
11:12:44.451 [FXGL Launcher Thread     ] INFO  GameApplication      - FXGL configuration took:  1,181 sec
11:12:44.452 [FXGL Launcher Thread     ] DEBUG GameApplication      - Logging game settings
Title: Deszcz meteorytów
Version: 0.1
Width: 600
Height: 600
Fullscreen: false
Intro: false
Menus: false
Profiling: false
App Mode: DEVELOPER
Menu Style: FXGL_DEFAULT
Menu Key: ESCAPE
Services: []
11:12:44.488 [FXGL Launcher Thread     ] DEBUG GameApplication      - Configuring GameApplication
11:12:44.488 [FXGL Launcher Thread     ] DEBUG AppStateMachine      - Initializing application states
11:12:44.492 [FXGL Launcher Thread     ] DEBUG FXGLAssetLoader      - Loading from disk: /assets/ui/cursors/fxgl_default.png
11:12:44.498 [FXGL Launcher Thread     ] DEBUG FXGLAssetLoader      - Loading from disk: /assets/ui/cursors/fxgl_default.png
11:12:44.552 [FXGL Launcher Thread     ] DEBUG GameWorld            - Game world initialized
11:12:44.633 [FXGL Launcher Thread     ] DEBUG PhysicsWorld         - Physics world initialized: appHeight=600, physics.ppm=50,0
11:12:44.643 [FXGL Launcher Thread     ] DEBUG FXGLAssetLoader      - Loading from disk: /assets/ui/cursors/fxgl_default.png
11:12:44.683 [FXGL Launcher Thread     ] DEBUG GameScene            - Game scene initialized: 600x600
11:12:44.705 [FXGL Launcher Thread     ] DEBUG Input                - Registered new binding: Pause - Esc
11:12:44.717 [FXGL Launcher Thread     ] INFO  GameApplication      - Game configuration took:  0,229 sec
11:12:44.721 [JavaFX Application Thread] DEBUG FXGLDisplay          - Target size: DoubleProperty [value: 600.0] x DoubleProperty [value: 600.0] @ 1.0
11:12:44.721 [JavaFX Application Thread] DEBUG FXGLDisplay          - New size:    600.0 x 600.0 @ DoubleProperty [value: 1.0]
11:12:44.721 [JavaFX Application Thread] DEBUG FXGLDisplay          - Opening primary stage
11:12:44.746 [JavaFX Application Thread] DEBUG FXGLDisplay          - Stage shown
11:12:44.747 [JavaFX Application Thread] DEBUG FXGLDisplay          - Root size: 600.0x600.0
11:12:44.747 [JavaFX Application Thread] DEBUG FXGLDisplay          - Scene size: 600.0x600.0
11:12:44.747 [JavaFX Application Thread] DEBUG FXGLDisplay          - Stage size: 616.0x639.0
11:12:44.769 [JavaFX Application Thread] DEBUG GameApplication      - Running preInit()
11:12:44.771 [JavaFX Application Thread] DEBUG Input                - Registered new binding: Screenshot - P
11:12:44.772 [JavaFX Application Thread] DEBUG Input                - Registered new binding: Dev Options - CTRL+0
11:12:44.772 [JavaFX Application Thread] DEBUG Input                - Registered new binding: Move Left - A
11:12:44.772 [JavaFX Application Thread] DEBUG Input                - Registered new binding: Move Right - D
11:12:44.841 [JavaFX Application Thread] DEBUG GameApplication      - Starting main loop
11:12:44.843 [JavaFX Application Thread] DEBUG StartupState         - STARTUP
11:12:44.843 [JavaFX Application Thread] DEBUG GameApplication      - Starting new game
11:12:44.843 [JavaFX Application Thread] DEBUG Input                - Clearing active input actions
11:12:44.844 [JavaFX Application Thread] DEBUG AppStateMachine      - StartupState -> LoadingState
11:12:45.052 [JavaFX Application Thread] DEBUG InitAppTask          - @SetEntityFactory: [AsteroidFactory]
11:12:45.053 [JavaFX Application Thread] DEBUG InitAppTask          - @AddCollisionHandler: []
11:12:45.059 [FXGL Background Thread 1 ] DEBUG InitAppTask          - Clearing previous game
11:12:45.060 [FXGL Background Thread 1 ] DEBUG GameWorld            - Resetting game world
11:12:45.061 [FXGL Background Thread 1 ] DEBUG PhysicsWorld         - Resetting physics world
11:12:45.061 [FXGL Background Thread 1 ] DEBUG GameScene            - Resetting game scene
11:12:45.061 [FXGL Background Thread 1 ] DEBUG InitAppTask          - Initializing Assets
11:12:45.062 [FXGL Background Thread 1 ] DEBUG InitAppTask          - Initializing Game
11:12:54.935 [FXGL Background Thread 1 ] DEBUG GameScene            - Creating render group for layer: TOP(2147483647)
11:12:55.099 [FXGL Background Thread 1 ] DEBUG InitAppTask          - Initializing Physics
11:12:55.102 [FXGL Background Thread 1 ] DEBUG InitAppTask          - Initializing UI
11:12:55.102 [FXGL Background Thread 1 ] DEBUG InitAppTask          - Initialization Complete
11:12:55.103 [FXGL Background Thread 1 ] INFO  InitAppTask          - Game initialization took: 10,044 sec
11:12:55.108 [JavaFX Application Thread] DEBUG Input                - Clearing active input actions
11:12:55.109 [JavaFX Application Thread] DEBUG AppStateMachine      - LoadingState -> PlayState
11:13:08.724 [JavaFX Application Thread] DEBUG FXGLEventBus         - Firing event: DisplayEvent[type=CLOSE_REQUEST]
11:13:08.724 [JavaFX Application Thread] DEBUG GameApplication      - Exiting FXGL application
11:13:08.726 [JavaFX Application Thread] DEBUG FXGL                 - Saving FXGL system data
11:13:08.730 [JavaFX Application Thread] DEBUG IOTask               - Executing task: writeDataTask(system/fxgl.bundle)
11:13:08.734 [JavaFX Application Thread] DEBUG FS                   - Writing to: system\fxgl.bundle
11:13:08.744 [JavaFX Application Thread] DEBUG IOTask               - Task succeeded: writeDataTask(system/fxgl.bundle)
11:13:08.744 [JavaFX Application Thread] DEBUG GameApplication      - Closing FXGL logger and exiting JavaFX
